[0605/101430:WARNING:dns_config_service_win.cc(520)] Failed to read DnsHosts.
[0605/101431:INFO:CONSOLE(0)] "app router initialize," source: file:///C:/Users/Administrator/AppData/Roaming/Adobe/CEPServiceManager4/extensions/cutterman/js/cutterman.js(10)
[0605/101431:INFO:CONSOLE(0)] "PNG," source: file:///C:/Users/Administrator/AppData/Roaming/Adobe/CEPServiceManager4/extensions/cutterman/js/cutterman.js(516)
[0605/101431:INFO:CONSOLE(0)] "{"samefile":"cover","androidCurrentDpi":"不设置","iosCurrentDpi":"不设置","androidDpi":{"XXXHDPI":"1440","XXHDPI":"1080","XHDPI":"720","HDPI":"540","MDPI":"360"},"iosDpi":{"3X":"960","2X":"640","1X":"320"},"format":"PNG-24","output":"/i/%E6%9D%82%E4%B8%83%E6%9D%82%E5%85%AB/5-17--6-20%E9%A1%B9%E7%9B%AE/%E5%90%8E%E5%8F%B0/images","merge":true,"target":["web"],"bounds":[0,0],"quality":"PNG-24"}," source: file:///C:/Users/Administrator/AppData/Roaming/Adobe/CEPServiceManager4/extensions/cutterman/js/cutterman.js(523)
[0605/101432:INFO:CONSOLE(0)] "XMLHttpRequest cannot load http://www.cutterman.cn/rank/submit. Origin null is not allowed by Access-Control-Allow-Origin.," source: (0)
[0605/104144:WARNING:dns_config_service_win.cc(520)] Failed to read DnsHosts.
[0605/104144:INFO:CONSOLE(0)] "app router initialize," source: file:///C:/Users/Administrator/AppData/Roaming/Adobe/CEPServiceManager4/extensions/cutterman/js/cutterman.js(10)
[0605/104144:INFO:CONSOLE(0)] "PNG," source: file:///C:/Users/Administrator/AppData/Roaming/Adobe/CEPServiceManager4/extensions/cutterman/js/cutterman.js(516)
[0605/104144:INFO:CONSOLE(0)] "{"samefile":"cover","androidCurrentDpi":"不设置","iosCurrentDpi":"不设置","androidDpi":{"XXXHDPI":"1440","XXHDPI":"1080","XHDPI":"720","HDPI":"540","MDPI":"360"},"iosDpi":{"3X":"960","2X":"640","1X":"320"},"format":"PNG-24","output":"/i/%E6%9D%82%E4%B8%83%E6%9D%82%E5%85%AB/5-17--6-20%E9%A1%B9%E7%9B%AE/%E5%90%8E%E5%8F%B0/images","merge":true,"target":["web"],"bounds":[0,0],"quality":"PNG-24"}," source: file:///C:/Users/Administrator/AppData/Roaming/Adobe/CEPServiceManager4/extensions/cutterman/js/cutterman.js(523)
[0605/104145:INFO:CONSOLE(0)] "XMLHttpRequest cannot load http://www.cutterman.cn/rank/submit. Origin null is not allowed by Access-Control-Allow-Origin.," source: (0)
[0605/104912:WARNING:dns_config_service_win.cc(520)] Failed to read DnsHosts.
[0605/104912:INFO:CONSOLE(0)] "app router initialize," source: file:///C:/Users/Administrator/AppData/Roaming/Adobe/CEPServiceManager4/extensions/cutterman/js/cutterman.js(10)
[0605/104913:INFO:CONSOLE(0)] "PNG," source: file:///C:/Users/Administrator/AppData/Roaming/Adobe/CEPServiceManager4/extensions/cutterman/js/cutterman.js(516)
[0605/104913:INFO:CONSOLE(0)] "{"samefile":"cover","androidCurrentDpi":"不设置","iosCurrentDpi":"不设置","androidDpi":{"XXXHDPI":"1440","XXHDPI":"1080","XHDPI":"720","HDPI":"540","MDPI":"360"},"iosDpi":{"3X":"960","2X":"640","1X":"320"},"format":"PNG-24","output":"/i/%E6%9D%82%E4%B8%83%E6%9D%82%E5%85%AB/5-17--6-20%E9%A1%B9%E7%9B%AE/%E5%90%8E%E5%8F%B0/images","merge":true,"target":["web"],"bounds":[0,0],"quality":"PNG-24"}," source: file:///C:/Users/Administrator/AppData/Roaming/Adobe/CEPServiceManager4/extensions/cutterman/js/cutterman.js(523)
[0605/104914:INFO:CONSOLE(0)] "XMLHttpRequest cannot load http://www.cutterman.cn/rank/submit. Origin null is not allowed by Access-Control-Allow-Origin.," source: (0)
[0608/163710:WARNING:dns_config_service_win.cc(520)] Failed to read DnsHosts.
[0608/163710:INFO:CONSOLE(0)] "app router initialize," source: file:///C:/Users/Administrator/AppData/Roaming/Adobe/CEPServiceManager4/extensions/cutterman/js/cutterman.js(10)
[0608/163719:INFO:CONSOLE(0)] "PNG," source: file:///C:/Users/Administrator/AppData/Roaming/Adobe/CEPServiceManager4/extensions/cutterman/js/cutterman.js(516)
[0608/163719:INFO:CONSOLE(0)] "{"samefile":"cover","androidCurrentDpi":"不设置","iosCurrentDpi":"不设置","androidDpi":{"XXXHDPI":"1440","XXHDPI":"1080","XHDPI":"720","HDPI":"540","MDPI":"360"},"iosDpi":{"3X":"960","2X":"640","1X":"320"},"format":"PNG-24","output":"/i/%E6%9D%82%E4%B8%83%E6%9D%82%E5%85%AB/5-17--6-20%E9%A1%B9%E7%9B%AE/%E5%90%8E%E5%8F%B0/images","merge":true,"target":["web"],"bounds":[0,0],"quality":"PNG-24"}," source: file:///C:/Users/Administrator/AppData/Roaming/Adobe/CEPServiceManager4/extensions/cutterman/js/cutterman.js(523)
[0608/163720:INFO:CONSOLE(0)] "XMLHttpRequest cannot load http://www.cutterman.cn/rank/submit. Origin null is not allowed by Access-Control-Allow-Origin.," source: (0)
[0608/165848:WARNING:dns_config_service_win.cc(520)] Failed to read DnsHosts.
[0608/165848:INFO:CONSOLE(0)] "app router initialize," source: file:///C:/Users/Administrator/AppData/Roaming/Adobe/CEPServiceManager4/extensions/cutterman/js/cutterman.js(10)
[0608/165850:INFO:CONSOLE(0)] "PNG," source: file:///C:/Users/Administrator/AppData/Roaming/Adobe/CEPServiceManager4/extensions/cutterman/js/cutterman.js(516)
[0608/165850:INFO:CONSOLE(0)] "{"samefile":"cover","androidCurrentDpi":"不设置","iosCurrentDpi":"不设置","androidDpi":{"XXXHDPI":"1440","XXHDPI":"1080","XHDPI":"720","HDPI":"540","MDPI":"360"},"iosDpi":{"3X":"960","2X":"640","1X":"320"},"format":"PNG-24","output":"/i/%E6%9D%82%E4%B8%83%E6%9D%82%E5%85%AB/5-17--6-20%E9%A1%B9%E7%9B%AE/%E5%90%8E%E5%8F%B0/images","merge":true,"target":["web"],"bounds":[0,0],"quality":"PNG-24"}," source: file:///C:/Users/Administrator/AppData/Roaming/Adobe/CEPServiceManager4/extensions/cutterman/js/cutterman.js(523)
[0608/165851:INFO:CONSOLE(0)] "XMLHttpRequest cannot load http://www.cutterman.cn/rank/submit. Origin null is not allowed by Access-Control-Allow-Origin.," source: (0)
